<?xml version="1.0" encoding="UTF-8"?>
<testsuite name="Payment in Store" tests="1" skipped="0" failures="0" errors="0" timestamp="2022-08-07T22:33:07" hostname="alejandro-X550CC" time="11.821">
  <properties/>
  <testcase name="Payment" classname="Payment in Store" time="11.821"/>
  <system-out><![CDATA[
?[32m.?[0m

el producto es black lux graphic t-shirt

el product en task es : black lux graphic t-shirt





?[32m.?[0m

THEN
?[32m.?[0m
]]></system-out>
  <system-err><![CDATA[[Test worker] INFO net.thucydides.core.steps.ConsoleLoggingListener - 
 _____ _____ ____ _____   ____ _____  _    ____ _____ _____ ____  
|_   _| ____/ ___|_   _| / ___|_   _|/ \  |  _ \_   _| ____|  _ \ 
  | | |  _| \___ \ | |   \___ \ | | / _ \ | |_) || | |  _| | | | |
  | | | |___ ___) || |    ___) || |/ ___ \|  _ < | | | |___| |_| |
  |_| |_____|____/ |_|   |____/ |_/_/   \_\_| \_\|_| |_____|____/ 
                                                                  

TEST STARTED: Payment
-------------------------------------------------------------------(payment-in-store;payment)
ago 07, 2022 5:33:07 PM org.openqa.selenium.remote.DesiredCapabilities chrome
INFORMACIÓN: Using `new ChromeOptions()` is preferred to `DesiredCapabilities.chrome()`
Starting ChromeDriver 104.0.5112.79 (3cf3e8c8a07d104b9e1260c910efb8f383285dc5-refs/branch-heads/5112@{#1307}) on port 1909
Only local connections are allowed.
Please see https://chromedriver.chromium.org/security-considerations for suggestions on keeping ChromeDriver safe.
ChromeDriver was started successfully.
ago 07, 2022 5:33:09 PM org.openqa.selenium.remote.ProtocolHandshake createSession
INFORMACIÓN: Detected dialect: W3C
]]></system-err>
</testsuite>
